<?xml version="1.0" encoding="UTF-8"?>
<!-- Generated by org.testng.reporters.JUnitReportReporter -->
<testsuite hostname="Haritha" failures="0" tests="1" name="com.qa.gorest.tests.CircuitTest" time="0.236" errors="0" timestamp="2025-08-13T00:25:36 CDT" skipped="0">
  <testcase classname="com.qa.gorest.tests.CircuitTest" name="getAllUsersTest" time="0.236"/>
</testsuite> <!-- com.qa.gorest.tests.CircuitTest -->
