<?xml version="1.0" encoding="UTF-8"?>
<!-- Generated by org.testng.reporters.JUnitReportReporter -->
<testsuite hostname="Haritha" failures="0" tests="1" name="com.qa.gorest.tests.CreateUserTest" time="1.870" errors="0" timestamp="2025-08-13T00:25:36 CDT" skipped="0">
  <testcase classname="com.qa.gorest.tests.CreateUserTest" name="createAUserTest" time="1.870"/>
</testsuite> <!-- com.qa.gorest.tests.CreateUserTest -->
