<?xml version="1.0" encoding="UTF-8"?>
<!-- Generated by org.testng.reporters.JUnitReportReporter -->
<testsuite hostname="Haritha" failures="0" tests="1" name="com.qa.gorest.tests.CreateUserTest" time="1.076" errors="0" timestamp="2025-09-12T00:17:58 CDT" skipped="0">
  <testcase classname="com.qa.gorest.tests.CreateUserTest" name="createAUserTest" time="1.076"/>
</testsuite> <!-- com.qa.gorest.tests.CreateUserTest -->
