<?xml version="1.0" encoding="UTF-8"?>
<!-- Generated by org.testng.reporters.JUnitReportReporter -->
<testsuite hostname="Haritha" failures="0" tests="4" name="com.qa.gorest.tests.GetUserTest" time="5.776" errors="0" timestamp="2025-09-12T00:17:58 CDT" skipped="0">
  <testcase classname="com.qa.gorest.tests.GetUserTest" name="getAllUsersTest" time="2.131"/>
  <testcase classname="com.qa.gorest.tests.GetUserTest" name="getUserTest" time="1.682"/>
  <testcase classname="com.qa.gorest.tests.GetUserTest" name="getUserWithQueryParamsTest" time="0.533"/>
  <testcase classname="com.qa.gorest.tests.GetUserTest" name="createAUserTest" time="1.430"/>
</testsuite> <!-- com.qa.gorest.tests.GetUserTest -->
