<?xml version="1.0" encoding="UTF-8"?>
<!-- Generated by org.testng.reporters.JUnitReportReporter -->
<testsuite hostname="Haritha" failures="0" tests="1" name="com.qa.gorest.tests.GetUserTest" time="4.230" errors="0" timestamp="2025-08-07T23:00:17 CDT" skipped="0">
  <testcase classname="com.qa.gorest.tests.GetUserTest" name="getAllUsers" time="4.230"/>
</testsuite> <!-- com.qa.gorest.tests.GetUserTest -->
