<?xml version="1.0" encoding="UTF-8"?>
<!-- Generated by org.testng.reporters.JUnitReportReporter -->
<testsuite hostname="Haritha" failures="0" tests="1" name="com.qa.gorest.tests.FakeStoreProductsTest" time="1.176" errors="0" timestamp="2025-09-12T00:17:58 CDT" skipped="0">
  <testcase classname="com.qa.gorest.tests.FakeStoreProductsTest" name="getAllProducts" time="1.176"/>
</testsuite> <!-- com.qa.gorest.tests.FakeStoreProductsTest -->
